<?xml version="1.0" encoding="UTF-8"?>
<testsuite name="org.example.cities.ApplicationTests" tests="1" skipped="0" failures="0" errors="0" timestamp="2015-03-30T15:06:18" hostname="jpxxkaburtm2.corp.emc.com" time="3.865">
  <properties/>
  <testcase name="contextLoads" classname="org.example.cities.ApplicationTests" time="3.865"/>
  <system-out><![CDATA[00:06:18.186 [Test worker] DEBUG o.s.t.c.j.SpringJUnit4ClassRunner - SpringJUnit4ClassRunner constructor called with [class org.example.cities.ApplicationTests].
00:06:18.215 [Test worker] DEBUG o.s.test.context.ContextLoaderUtils - Found explicit ContextLoader class [org.springframework.boot.test.SpringApplicationContextLoader] for context configuration attributes [ContextConfigurationAttributes@3a061173 declaringClass = 'org.example.cities.ApplicationTests', classes = '{class org.example.cities.Application}', locations = '{}', inheritLocations = true, initializers = '{}', inheritInitializers = true, name = [null], contextLoaderClass = 'org.springframework.boot.test.SpringApplicationContextLoader']
00:06:18.220 [Test worker] DEBUG o.s.test.context.ContextLoaderUtils - Could not find an 'annotation declaring class' for annotation type [org.springframework.test.context.ActiveProfiles] and class [org.example.cities.ApplicationTests]
00:06:18.222 [Test worker] DEBUG o.s.test.context.TestContextManager - @TestExecutionListeners is not present for class [org.example.cities.ApplicationTests]: using defaults.
00:06:18.232 [Test worker] DEBUG o.s.t.annotation.ProfileValueUtils - Retrieved @ProfileValueSourceConfiguration [null] for test class [org.example.cities.ApplicationTests]
00:06:18.232 [Test worker] DEBUG o.s.t.annotation.ProfileValueUtils - Retrieved ProfileValueSource type [class org.springframework.test.annotation.SystemProfileValueSource] for class [org.example.cities.ApplicationTests]
00:06:18.234 [Test worker] DEBUG o.s.t.annotation.ProfileValueUtils - Retrieved @ProfileValueSourceConfiguration [null] for test class [org.example.cities.ApplicationTests]
00:06:18.234 [Test worker] DEBUG o.s.t.annotation.ProfileValueUtils - Retrieved ProfileValueSource type [class org.springframework.test.annotation.SystemProfileValueSource] for class [org.example.cities.ApplicationTests]
00:06:18.234 [Test worker] DEBUG o.s.t.annotation.ProfileValueUtils - Retrieved @ProfileValueSourceConfiguration [null] for test class [org.example.cities.ApplicationTests]
00:06:18.234 [Test worker] DEBUG o.s.t.annotation.ProfileValueUtils - Retrieved ProfileValueSource type [class org.springframework.test.annotation.SystemProfileValueSource] for class [org.example.cities.ApplicationTests]
00:06:18.236 [Test worker] DEBUG o.s.t.annotation.ProfileValueUtils - Retrieved @ProfileValueSourceConfiguration [null] for test class [org.example.cities.ApplicationTests]
00:06:18.236 [Test worker] DEBUG o.s.t.annotation.ProfileValueUtils - Retrieved ProfileValueSource type [class org.springframework.test.annotation.SystemProfileValueSource] for class [org.example.cities.ApplicationTests]
00:06:18.294 [Test worker] DEBUG o.s.core.env.StandardEnvironment - Adding [systemProperties] PropertySource with lowest search precedence
00:06:18.295 [Test worker] DEBUG o.s.core.env.StandardEnvironment - Adding [systemEnvironment] PropertySource with lowest search precedence
00:06:18.295 [Test worker] DEBUG o.s.core.env.StandardEnvironment - Initialized StandardEnvironment with PropertySources [systemProperties,systemEnvironment]
00:06:18.297 [Test worker] DEBUG o.s.w.c.s.StandardServletEnvironment - Adding [servletConfigInitParams] PropertySource with lowest search precedence
00:06:18.297 [Test worker] DEBUG o.s.w.c.s.StandardServletEnvironment - Adding [servletContextInitParams] PropertySource with lowest search precedence
00:06:18.300 [Test worker] DEBUG o.s.w.c.s.StandardServletEnvironment - Adding [jndiProperties] PropertySource with lowest search precedence
00:06:18.301 [Test worker] DEBUG o.s.w.c.s.StandardServletEnvironment - Adding [systemProperties] PropertySource with lowest search precedence
00:06:18.301 [Test worker] DEBUG o.s.w.c.s.StandardServletEnvironment - Adding [systemEnvironment] PropertySource with lowest search precedence
00:06:18.301 [Test worker] DEBUG o.s.w.c.s.StandardServletEnvironment - Initialized StandardServletEnvironment with PropertySources [servletConfigInitParams,servletContextInitParams,jndiProperties,systemProperties,systemEnvironment]
00:06:18.302 [Test worker] DEBUG o.s.w.c.s.StandardServletEnvironment - Adding [integrationTest] PropertySource with search precedence immediately lower than [systemEnvironment]

  .   ____          _            __ _ _
 /\\ / ___'_ __ _ _(_)_ __  __ _ \ \ \ \
( ( )\___ | '_ | '_| | '_ \/ _` | \ \ \ \
 \\/  ___)| |_)| | | | | || (_| |  ) ) ) )
  '  |____| .__|_| |_|_| |_\__, | / / / /
 =========|_|==============|___/=/_/_/_/
 :: Spring Boot ::        (v1.1.6.RELEASE)

2015-03-31 00:06:18.525  INFO 60626 --- [    Test worker] o.s.boot.SpringApplication               : Starting application on jpxxkaburtm2.corp.emc.com with PID 60626 (/Users/kaburt/.gradle/caches/modules-2/files-2.1/org.springframework.boot/spring-boot/1.1.6.RELEASE/761f1962a68c791c557f05883d5df80f2848b743/spring-boot-1.1.6.RELEASE.jar started by kaburt in /Users/kaburt/pivotal/newhire/pcf-immersion-workspace/cities/cities-service)
2015-03-31 00:06:18.566  INFO 60626 --- [    Test worker] o.s.w.c.s.GenericWebApplicationContext   : Refreshing org.springframework.web.context.support.GenericWebApplicationContext@795fbeae: startup date [Tue Mar 31 00:06:18 JST 2015]; root of context hierarchy
2015-03-31 00:06:19.081  INFO 60626 --- [    Test worker] o.s.b.f.s.DefaultListableBeanFactory     : Overriding bean definition for bean 'beanNameViewResolver': replacing [Root bean: class [null]; scope=; abstract=false; lazyInit=false; autowireMode=3; dependencyCheck=0; autowireCandidate=true; primary=false; factoryBeanName=org.springframework.boot.autoconfigure.web.ErrorMvcAutoConfiguration$WhitelabelErrorViewConfiguration; factoryMethodName=beanNameViewResolver; initMethodName=null; destroyMethodName=(inferred); defined in class path resource [org/springframework/boot/autoconfigure/web/ErrorMvcAutoConfiguration$WhitelabelErrorViewConfiguration.class]] with [Root bean: class [null]; scope=; abstract=false; lazyInit=false; autowireMode=3; dependencyCheck=0; autowireCandidate=true; primary=false; factoryBeanName=org.springframework.boot.autoconfigure.web.WebMvcAutoConfiguration$WebMvcAutoConfigurationAdapter; factoryMethodName=beanNameViewResolver; initMethodName=null; destroyMethodName=(inferred); defined in class path resource [org/springframework/boot/autoconfigure/web/WebMvcAutoConfiguration$WebMvcAutoConfigurationAdapter.class]]
2015-03-31 00:06:19.685  INFO 60626 --- [    Test worker] trationDelegate$BeanPostProcessorChecker : Bean 'org.springframework.transaction.annotation.ProxyTransactionManagementConfiguration' of type [class org.springframework.transaction.annotation.ProxyTransactionManagementConfiguration$$EnhancerBySpringCGLIB$$ebe46edd] is not eligible for getting processed by all BeanPostProcessors (for example: not eligible for auto-proxying)
2015-03-31 00:06:19.696  INFO 60626 --- [    Test worker] trationDelegate$BeanPostProcessorChecker : Bean 'transactionAttributeSource' of type [class org.springframework.transaction.annotation.AnnotationTransactionAttributeSource] is not eligible for getting processed by all BeanPostProcessors (for example: not eligible for auto-proxying)
2015-03-31 00:06:19.701  INFO 60626 --- [    Test worker] trationDelegate$BeanPostProcessorChecker : Bean 'transactionInterceptor' of type [class org.springframework.transaction.interceptor.TransactionInterceptor] is not eligible for getting processed by all BeanPostProcessors (for example: not eligible for auto-proxying)
2015-03-31 00:06:19.704  INFO 60626 --- [    Test worker] trationDelegate$BeanPostProcessorChecker : Bean 'org.springframework.transaction.config.internalTransactionAdvisor' of type [class org.springframework.transaction.interceptor.BeanFactoryTransactionAttributeSourceAdvisor] is not eligible for getting processed by all BeanPostProcessors (for example: not eligible for auto-proxying)
2015-03-31 00:06:20.398  INFO 60626 --- [    Test worker] j.LocalContainerEntityManagerFactoryBean : Building JPA container EntityManagerFactory for persistence unit 'default'
2015-03-31 00:06:20.413  INFO 60626 --- [    Test worker] o.hibernate.jpa.internal.util.LogHelper  : HHH000204: Processing PersistenceUnitInfo [
	name: default
	...]
2015-03-31 00:06:20.457  INFO 60626 --- [    Test worker] org.hibernate.Version                    : HHH000412: Hibernate Core {4.3.6.Final}
2015-03-31 00:06:20.458  INFO 60626 --- [    Test worker] org.hibernate.cfg.Environment            : HHH000206: hibernate.properties not found
2015-03-31 00:06:20.459  INFO 60626 --- [    Test worker] org.hibernate.cfg.Environment            : HHH000021: Bytecode provider name : javassist
2015-03-31 00:06:20.578  INFO 60626 --- [    Test worker] o.hibernate.annotations.common.Version   : HCANN000001: Hibernate Commons Annotations {4.0.5.Final}
2015-03-31 00:06:20.620  INFO 60626 --- [    Test worker] org.hibernate.dialect.Dialect            : HHH000400: Using dialect: org.hibernate.dialect.HSQLDialect
2015-03-31 00:06:20.712  INFO 60626 --- [    Test worker] o.h.h.i.ast.ASTQueryTranslatorFactory    : HHH000397: Using ASTQueryTranslatorFactory
2015-03-31 00:06:20.893  INFO 60626 --- [    Test worker] org.hibernate.tool.hbm2ddl.SchemaExport  : HHH000227: Running hbm2ddl schema export
2015-03-31 00:06:20.895 ERROR 60626 --- [    Test worker] org.hibernate.tool.hbm2ddl.SchemaExport  : HHH000389: Unsuccessful: alter table employees drop constraint FK_tpbn8y2y99430d7towiuvfyx2
2015-03-31 00:06:20.895 ERROR 60626 --- [    Test worker] org.hibernate.tool.hbm2ddl.SchemaExport  : user lacks privilege or object not found: PUBLIC.EMPLOYEES
2015-03-31 00:06:20.898 ERROR 60626 --- [    Test worker] org.hibernate.tool.hbm2ddl.SchemaExport  : HHH000388: Unsuccessful: create table city(
2015-03-31 00:06:20.899 ERROR 60626 --- [    Test worker] org.hibernate.tool.hbm2ddl.SchemaExport  : unexpected end of statement
2015-03-31 00:06:20.899 ERROR 60626 --- [    Test worker] org.hibernate.tool.hbm2ddl.SchemaExport  : HHH000388: Unsuccessful: id number,
2015-03-31 00:06:20.899 ERROR 60626 --- [    Test worker] org.hibernate.tool.hbm2ddl.SchemaExport  : unexpected token: ID
2015-03-31 00:06:20.899 ERROR 60626 --- [    Test worker] org.hibernate.tool.hbm2ddl.SchemaExport  : HHH000388: Unsuccessful: postal_code varchar2(100),
2015-03-31 00:06:20.899 ERROR 60626 --- [    Test worker] org.hibernate.tool.hbm2ddl.SchemaExport  : unexpected token: POSTAL_CODE
2015-03-31 00:06:20.899 ERROR 60626 --- [    Test worker] org.hibernate.tool.hbm2ddl.SchemaExport  : HHH000388: Unsuccessful: latitude varchar2(100),
2015-03-31 00:06:20.899 ERROR 60626 --- [    Test worker] org.hibernate.tool.hbm2ddl.SchemaExport  : unexpected token: LATITUDE
2015-03-31 00:06:20.900 ERROR 60626 --- [    Test worker] org.hibernate.tool.hbm2ddl.SchemaExport  : HHH000388: Unsuccessful: longitude varchar2(100),
2015-03-31 00:06:20.900 ERROR 60626 --- [    Test worker] org.hibernate.tool.hbm2ddl.SchemaExport  : unexpected token: LONGITUDE
2015-03-31 00:06:20.900 ERROR 60626 --- [    Test worker] org.hibernate.tool.hbm2ddl.SchemaExport  : HHH000388: Unsuccessful: name varchar2(100),
2015-03-31 00:06:20.900 ERROR 60626 --- [    Test worker] org.hibernate.tool.hbm2ddl.SchemaExport  : unexpected token: NAME
2015-03-31 00:06:20.900 ERROR 60626 --- [    Test worker] org.hibernate.tool.hbm2ddl.SchemaExport  : HHH000388: Unsuccessful: state_code varchar2(100),
2015-03-31 00:06:20.900 ERROR 60626 --- [    Test worker] org.hibernate.tool.hbm2ddl.SchemaExport  : unexpected token: STATE_CODE
2015-03-31 00:06:20.900 ERROR 60626 --- [    Test worker] org.hibernate.tool.hbm2ddl.SchemaExport  : HHH000388: Unsuccessful: county varchar2(100),
2015-03-31 00:06:20.901 ERROR 60626 --- [    Test worker] org.hibernate.tool.hbm2ddl.SchemaExport  : unexpected token: COUNTY
2015-03-31 00:06:20.901 ERROR 60626 --- [    Test worker] org.hibernate.tool.hbm2ddl.SchemaExport  : HHH000388: Unsuccessful: primary key (id)
2015-03-31 00:06:20.901 ERROR 60626 --- [    Test worker] org.hibernate.tool.hbm2ddl.SchemaExport  : unexpected token: PRIMARY
2015-03-31 00:06:20.901 ERROR 60626 --- [    Test worker] org.hibernate.tool.hbm2ddl.SchemaExport  : HHH000388: Unsuccessful: )
2015-03-31 00:06:20.901 ERROR 60626 --- [    Test worker] org.hibernate.tool.hbm2ddl.SchemaExport  : unexpected token: )
2015-03-31 00:06:20.902 ERROR 60626 --- [    Test worker] org.hibernate.tool.hbm2ddl.SchemaExport  : HHH000388: Unsuccessful: insert into city (id, postal_code, latitude, longitude, name, state_code, county) values (1, '00501','+40.922326','-072.637078','HOLTSVILLE','NY','SUFFOLK')
2015-03-31 00:06:20.902 ERROR 60626 --- [    Test worker] org.hibernate.tool.hbm2ddl.SchemaExport  : user lacks privilege or object not found: CITY
2015-03-31 00:06:20.902 ERROR 60626 --- [    Test worker] org.hibernate.tool.hbm2ddl.SchemaExport  : HHH000388: Unsuccessful: insert into city (id, postal_code, latitude, longitude, name, state_code, county) values (2, '00544','+40.922326','-072.637078','HOLTSVILLE','NY','SUFFOLK')
2015-03-31 00:06:20.902 ERROR 60626 --- [    Test worker] org.hibernate.tool.hbm2ddl.SchemaExport  : user lacks privilege or object not found: CITY
2015-03-31 00:06:20.902 ERROR 60626 --- [    Test worker] org.hibernate.tool.hbm2ddl.SchemaExport  : HHH000388: Unsuccessful: insert into city (id, postal_code, latitude, longitude, name, state_code, county) values (3, '00601','+18.165273','-066.722583','ADJUNTAS','PR','ADJUNTAS')
2015-03-31 00:06:20.903 ERROR 60626 --- [    Test worker] org.hibernate.tool.hbm2ddl.SchemaExport  : user lacks privilege or object not found: CITY
2015-03-31 00:06:20.903 ERROR 60626 --- [    Test worker] org.hibernate.tool.hbm2ddl.SchemaExport  : HHH000388: Unsuccessful: insert into city (id, postal_code, latitude, longitude, name, state_code, county) values (4, '00602','+18.393103','-067.180953','AGUADA','PR','AGUADA')
2015-03-31 00:06:20.903 ERROR 60626 --- [    Test worker] org.hibernate.tool.hbm2ddl.SchemaExport  : user lacks privilege or object not found: CITY
2015-03-31 00:06:20.903 ERROR 60626 --- [    Test worker] org.hibernate.tool.hbm2ddl.SchemaExport  : HHH000388: Unsuccessful: insert into city (id, postal_code, latitude, longitude, name, state_code, county) values (5, '00603','+18.455913','-067.145780','AGUADILLA','PR','AGUADILLA')
2015-03-31 00:06:20.903 ERROR 60626 --- [    Test worker] org.hibernate.tool.hbm2ddl.SchemaExport  : user lacks privilege or object not found: CITY
2015-03-31 00:06:20.903 ERROR 60626 --- [    Test worker] org.hibernate.tool.hbm2ddl.SchemaExport  : HHH000388: Unsuccessful: insert into city (id, postal_code, latitude, longitude, name, state_code, county) values (6,  '00604','+18.493520','-067.135883','AGUADILLA','PR','AGUADILLA')
2015-03-31 00:06:20.903 ERROR 60626 --- [    Test worker] org.hibernate.tool.hbm2ddl.SchemaExport  : user lacks privilege or object not found: CITY
2015-03-31 00:06:20.904  INFO 60626 --- [    Test worker] org.hibernate.tool.hbm2ddl.SchemaExport  : HHH000230: Schema export complete
2015-03-31 00:06:21.563  INFO 60626 --- [    Test worker] o.s.d.r.w.RepositoryRestHandlerMapping   : Mapped "{[/{repository}],methods=[HEAD],params=[],headers=[],consumes=[],produces=[],custom=[]}" onto public org.springframework.http.ResponseEntity<?> org.springframework.data.rest.webmvc.RepositoryEntityController.headCollectionResource(org.springframework.data.rest.webmvc.RootResourceInformation) throws org.springframework.web.HttpRequestMethodNotSupportedException
2015-03-31 00:06:21.564  INFO 60626 --- [    Test worker] o.s.d.r.w.RepositoryRestHandlerMapping   : Mapped "{[/{repository}],methods=[GET],params=[],headers=[],consumes=[],produces=[],custom=[]}" onto public org.springframework.hateoas.Resources<?> org.springframework.data.rest.webmvc.RepositoryEntityController.getCollectionResource(org.springframework.data.rest.webmvc.RootResourceInformation,org.springframework.data.domain.Pageable,org.springframework.data.domain.Sort,org.springframework.data.rest.webmvc.PersistentEntityResourceAssembler) throws org.springframework.data.rest.webmvc.ResourceNotFoundException,org.springframework.web.HttpRequestMethodNotSupportedException
2015-03-31 00:06:21.564  INFO 60626 --- [    Test worker] o.s.d.r.w.RepositoryRestHandlerMapping   : Mapped "{[/{repository}],methods=[GET],params=[],headers=[],consumes=[],produces=[application/x-spring-data-compact+json || text/uri-list],custom=[]}" onto public org.springframework.hateoas.Resources<?> org.springframework.data.rest.webmvc.RepositoryEntityController.getCollectionResourceCompact(org.springframework.data.rest.webmvc.RootResourceInformation,org.springframework.data.domain.Pageable,org.springframework.data.domain.Sort,org.springframework.data.rest.webmvc.PersistentEntityResourceAssembler) throws org.springframework.data.rest.webmvc.ResourceNotFoundException,org.springframework.web.HttpRequestMethodNotSupportedException
2015-03-31 00:06:21.564  INFO 60626 --- [    Test worker] o.s.d.r.w.RepositoryRestHandlerMapping   : Mapped "{[/{repository}],methods=[POST],params=[],headers=[],consumes=[],produces=[],custom=[]}" onto public org.springframework.http.ResponseEntity<org.springframework.hateoas.ResourceSupport> org.springframework.data.rest.webmvc.RepositoryEntityController.postCollectionResource(org.springframework.data.rest.webmvc.RootResourceInformation,org.springframework.data.rest.webmvc.PersistentEntityResource<?>,org.springframework.data.rest.webmvc.PersistentEntityResourceAssembler) throws org.springframework.web.HttpRequestMethodNotSupportedException
2015-03-31 00:06:21.565  INFO 60626 --- [    Test worker] o.s.d.r.w.RepositoryRestHandlerMapping   : Mapped "{[/{repository}/{id}],methods=[HEAD],params=[],headers=[],consumes=[],produces=[],custom=[]}" onto public org.springframework.http.ResponseEntity<?> org.springframework.data.rest.webmvc.RepositoryEntityController.headItemResource(org.springframework.data.rest.webmvc.RootResourceInformation,java.io.Serializable) throws org.springframework.web.HttpRequestMethodNotSupportedException
2015-03-31 00:06:21.565  INFO 60626 --- [    Test worker] o.s.d.r.w.RepositoryRestHandlerMapping   : Mapped "{[/{repository}/{id}],methods=[GET],params=[],headers=[],consumes=[],produces=[],custom=[]}" onto public org.springframework.http.ResponseEntity<org.springframework.hateoas.Resource<?>> org.springframework.data.rest.webmvc.RepositoryEntityController.getItemResource(org.springframework.data.rest.webmvc.RootResourceInformation,java.io.Serializable,org.springframework.data.rest.webmvc.PersistentEntityResourceAssembler) throws org.springframework.web.HttpRequestMethodNotSupportedException
2015-03-31 00:06:21.565  INFO 60626 --- [    Test worker] o.s.d.r.w.RepositoryRestHandlerMapping   : Mapped "{[/{repository}/{id}],methods=[PUT],params=[],headers=[],consumes=[],produces=[],custom=[]}" onto public org.springframework.http.ResponseEntity<? extends org.springframework.hateoas.ResourceSupport> org.springframework.data.rest.webmvc.RepositoryEntityController.putItemResource(org.springframework.data.rest.webmvc.RootResourceInformation,org.springframework.data.rest.webmvc.PersistentEntityResource<java.lang.Object>,java.io.Serializable,org.springframework.data.rest.webmvc.PersistentEntityResourceAssembler) throws org.springframework.web.HttpRequestMethodNotSupportedException
2015-03-31 00:06:21.565  INFO 60626 --- [    Test worker] o.s.d.r.w.RepositoryRestHandlerMapping   : Mapped "{[/{repository}/{id}],methods=[PATCH],params=[],headers=[],consumes=[],produces=[],custom=[]}" onto public org.springframework.http.ResponseEntity<org.springframework.hateoas.ResourceSupport> org.springframework.data.rest.webmvc.RepositoryEntityController.patchItemResource(org.springframework.data.rest.webmvc.RootResourceInformation,org.springframework.data.rest.webmvc.PersistentEntityResource<java.lang.Object>,java.io.Serializable,org.springframework.data.rest.webmvc.PersistentEntityResourceAssembler) throws org.springframework.web.HttpRequestMethodNotSupportedException,org.springframework.data.rest.webmvc.ResourceNotFoundException
2015-03-31 00:06:21.565  INFO 60626 --- [    Test worker] o.s.d.r.w.RepositoryRestHandlerMapping   : Mapped "{[/{repository}/{id}],methods=[DELETE],params=[],headers=[],consumes=[],produces=[],custom=[]}" onto public org.springframework.http.ResponseEntity<?> org.springframework.data.rest.webmvc.RepositoryEntityController.deleteItemResource(org.springframework.data.rest.webmvc.RootResourceInformation,java.io.Serializable) throws org.springframework.data.rest.webmvc.ResourceNotFoundException,org.springframework.web.HttpRequestMethodNotSupportedException
2015-03-31 00:06:21.566  INFO 60626 --- [    Test worker] o.s.d.r.w.RepositoryRestHandlerMapping   : Mapped "{[/],methods=[GET],params=[],headers=[],consumes=[],produces=[],custom=[]}" onto public org.springframework.data.rest.webmvc.RepositoryLinksResource org.springframework.data.rest.webmvc.RepositoryController.listRepositories()
2015-03-31 00:06:21.568  INFO 60626 --- [    Test worker] o.s.d.r.w.RepositoryRestHandlerMapping   : Mapped "{[/{repository}/{id}/{property}],methods=[GET],params=[],headers=[],consumes=[],produces=[],custom=[]}" onto public org.springframework.http.ResponseEntity<org.springframework.hateoas.ResourceSupport> org.springframework.data.rest.webmvc.RepositoryPropertyReferenceController.followPropertyReference(org.springframework.data.rest.webmvc.RootResourceInformation,java.io.Serializable,java.lang.String,org.springframework.data.rest.webmvc.PersistentEntityResourceAssembler) throws java.lang.Exception
2015-03-31 00:06:21.568  INFO 60626 --- [    Test worker] o.s.d.r.w.RepositoryRestHandlerMapping   : Mapped "{[/{repository}/{id}/{property}/{propertyId}],methods=[GET],params=[],headers=[],consumes=[],produces=[],custom=[]}" onto public org.springframework.http.ResponseEntity<org.springframework.hateoas.ResourceSupport> org.springframework.data.rest.webmvc.RepositoryPropertyReferenceController.followPropertyReference(org.springframework.data.rest.webmvc.RootResourceInformation,java.io.Serializable,java.lang.String,java.lang.String,org.springframework.data.rest.webmvc.PersistentEntityResourceAssembler) throws java.lang.Exception
2015-03-31 00:06:21.568  INFO 60626 --- [    Test worker] o.s.d.r.w.RepositoryRestHandlerMapping   : Mapped "{[/{repository}/{id}/{property}],methods=[DELETE],params=[],headers=[],consumes=[],produces=[],custom=[]}" onto public org.springframework.http.ResponseEntity<? extends org.springframework.hateoas.ResourceSupport> org.springframework.data.rest.webmvc.RepositoryPropertyReferenceController.deletePropertyReference(org.springframework.data.rest.webmvc.RootResourceInformation,java.io.Serializable,java.lang.String) throws java.lang.Exception
2015-03-31 00:06:21.569  INFO 60626 --- [    Test worker] o.s.d.r.w.RepositoryRestHandlerMapping   : Mapped "{[/{repository}/{id}/{property}],methods=[GET],params=[],headers=[],consumes=[],produces=[application/x-spring-data-compact+json || text/uri-list],custom=[]}" onto public org.springframework.http.ResponseEntity<org.springframework.hateoas.ResourceSupport> org.springframework.data.rest.webmvc.RepositoryPropertyReferenceController.followPropertyReferenceCompact(org.springframework.data.rest.webmvc.RootResourceInformation,java.io.Serializable,java.lang.String,org.springframework.data.rest.webmvc.PersistentEntityResourceAssembler) throws java.lang.Exception
2015-03-31 00:06:21.569  INFO 60626 --- [    Test worker] o.s.d.r.w.RepositoryRestHandlerMapping   : Mapped "{[/{repository}/{id}/{property}],methods=[PATCH || PUT],params=[],headers=[],consumes=[application/json || application/x-spring-data-compact+json || text/uri-list],produces=[],custom=[]}" onto public org.springframework.http.ResponseEntity<? extends org.springframework.hateoas.ResourceSupport> org.springframework.data.rest.webmvc.RepositoryPropertyReferenceController.createPropertyReference(org.springframework.data.rest.webmvc.RootResourceInformation,org.springframework.http.HttpMethod,org.springframework.hateoas.Resources<java.lang.Object>,java.io.Serializable,java.lang.String) throws java.lang.Exception
2015-03-31 00:06:21.569  INFO 60626 --- [    Test worker] o.s.d.r.w.RepositoryRestHandlerMapping   : Mapped "{[/{repository}/{id}/{property}/{propertyId}],methods=[DELETE],params=[],headers=[],consumes=[],produces=[],custom=[]}" onto public org.springframework.http.ResponseEntity<org.springframework.hateoas.ResourceSupport> org.springframework.data.rest.webmvc.RepositoryPropertyReferenceController.deletePropertyReferenceId(org.springframework.data.rest.webmvc.RootResourceInformation,java.io.Serializable,java.lang.String,java.lang.String) throws java.lang.Exception
2015-03-31 00:06:21.569  INFO 60626 --- [    Test worker] o.s.d.r.w.RepositoryRestHandlerMapping   : Mapped "{[/{repository}/schema],methods=[GET],params=[],headers=[],consumes=[],produces=[application/schema+json],custom=[]}" onto public org.springframework.http.HttpEntity<org.springframework.data.rest.webmvc.json.JsonSchema> org.springframework.data.rest.webmvc.RepositorySchemaController.schema(org.springframework.data.rest.webmvc.RootResourceInformation)
2015-03-31 00:06:21.570  INFO 60626 --- [    Test worker] o.s.d.r.w.RepositoryRestHandlerMapping   : Mapped "{[/{repository}/search],methods=[GET],params=[],headers=[],consumes=[],produces=[],custom=[]}" onto public org.springframework.hateoas.ResourceSupport org.springframework.data.rest.webmvc.RepositorySearchController.listSearches(org.springframework.data.rest.webmvc.RootResourceInformation)
2015-03-31 00:06:21.570  INFO 60626 --- [    Test worker] o.s.d.r.w.RepositoryRestHandlerMapping   : Mapped "{[/{repository}/search],methods=[HEAD],params=[],headers=[],consumes=[],produces=[],custom=[]}" onto public org.springframework.http.HttpEntity<?> org.springframework.data.rest.webmvc.RepositorySearchController.headForSearches(org.springframework.data.rest.webmvc.RootResourceInformation)
2015-03-31 00:06:21.571  INFO 60626 --- [    Test worker] o.s.d.r.w.RepositoryRestHandlerMapping   : Mapped "{[/{repository}/search/{search}],methods=[GET],params=[],headers=[],consumes=[],produces=[],custom=[]}" onto public org.springframework.http.ResponseEntity<java.lang.Object> org.springframework.data.rest.webmvc.RepositorySearchController.executeSearch(org.springframework.data.rest.webmvc.RootResourceInformation,org.springframework.web.context.request.WebRequest,java.lang.String,org.springframework.data.domain.Pageable,org.springframework.data.rest.webmvc.PersistentEntityResourceAssembler)
2015-03-31 00:06:21.571  INFO 60626 --- [    Test worker] o.s.d.r.w.RepositoryRestHandlerMapping   : Mapped "{[/{repository}/search/{search}],methods=[GET],params=[],headers=[],consumes=[],produces=[application/x-spring-data-compact+json],custom=[]}" onto public org.springframework.hateoas.ResourceSupport org.springframework.data.rest.webmvc.RepositorySearchController.executeSearchCompact(org.springframework.data.rest.webmvc.RootResourceInformation,org.springframework.web.context.request.WebRequest,java.lang.String,java.lang.String,org.springframework.data.domain.Pageable,org.springframework.data.rest.webmvc.PersistentEntityResourceAssembler)
2015-03-31 00:06:21.571  INFO 60626 --- [    Test worker] o.s.d.r.w.RepositoryRestHandlerMapping   : Mapped "{[/{repository}/search/{search}],methods=[HEAD],params=[],headers=[],consumes=[],produces=[],custom=[]}" onto public org.springframework.http.ResponseEntity<java.lang.Object> org.springframework.data.rest.webmvc.RepositorySearchController.headForSearch(org.springframework.data.rest.webmvc.RootResourceInformation,java.lang.String)
2015-03-31 00:06:21.744  INFO 60626 --- [    Test worker] o.s.w.s.handler.SimpleUrlHandlerMapping  : Mapped URL path [/**/favicon.ico] onto handler of type [class org.springframework.web.servlet.resource.ResourceHttpRequestHandler]
2015-03-31 00:06:21.767  INFO 60626 --- [    Test worker] s.w.s.m.m.a.RequestMappingHandlerMapping : Mapped "{[/staging],methods=[],params=[],headers=[],consumes=[],produces=[],custom=[]}" onto public java.lang.String org.example.cities.controller.StagingController.index()
2015-03-31 00:06:21.768  INFO 60626 --- [    Test worker] s.w.s.m.m.a.RequestMappingHandlerMapping : Mapped "{[/env],methods=[],params=[],headers=[],consumes=[],produces=[],custom=[]}" onto public java.util.Map<java.lang.String, java.lang.String> org.example.cities.domain.InfoController.showEnvironment()
2015-03-31 00:06:21.768  INFO 60626 --- [    Test worker] s.w.s.m.m.a.RequestMappingHandlerMapping : Mapped "{[/service],methods=[],params=[],headers=[],consumes=[],produces=[],custom=[]}" onto public java.util.List<org.springframework.cloud.service.ServiceInfo> org.example.cities.domain.InfoController.showServiceInfo()
2015-03-31 00:06:21.768  INFO 60626 --- [    Test worker] s.w.s.m.m.a.RequestMappingHandlerMapping : Mapped "{[/info],methods=[],params=[],headers=[],consumes=[],produces=[],custom=[]}" onto public org.example.cities.domain.ApplicationInfo org.example.cities.domain.InfoController.info()
2015-03-31 00:06:21.770  INFO 60626 --- [    Test worker] s.w.s.m.m.a.RequestMappingHandlerMapping : Mapped "{[/error],methods=[],params=[],headers=[],consumes=[],produces=[],custom=[]}" onto public org.springframework.http.ResponseEntity<java.util.Map<java.lang.String, java.lang.Object>> org.springframework.boot.autoconfigure.web.BasicErrorController.error(javax.servlet.http.HttpServletRequest)
2015-03-31 00:06:21.770  INFO 60626 --- [    Test worker] s.w.s.m.m.a.RequestMappingHandlerMapping : Mapped "{[/error],methods=[],params=[],headers=[],consumes=[],produces=[text/html],custom=[]}" onto public org.springframework.web.servlet.ModelAndView org.springframework.boot.autoconfigure.web.BasicErrorController.errorHtml(javax.servlet.http.HttpServletRequest)
2015-03-31 00:06:21.780  INFO 60626 --- [    Test worker] o.s.w.s.handler.SimpleUrlHandlerMapping  : Mapped URL path [/webjars/**] onto handler of type [class org.springframework.web.servlet.resource.ResourceHttpRequestHandler]
2015-03-31 00:06:21.780  INFO 60626 --- [    Test worker] o.s.w.s.handler.SimpleUrlHandlerMapping  : Mapped URL path [/**] onto handler of type [class org.springframework.web.servlet.resource.ResourceHttpRequestHandler]
2015-03-31 00:06:22.019  INFO 60626 --- [    Test worker] o.s.b.a.e.mvc.EndpointHandlerMapping     : Mapped "{[/mappings],methods=[GET],params=[],headers=[],consumes=[],produces=[],custom=[]}" onto public java.lang.Object org.springframework.boot.actuate.endpoint.mvc.EndpointMvcAdapter.invoke()
2015-03-31 00:06:22.020  INFO 60626 --- [    Test worker] o.s.b.a.e.mvc.EndpointHandlerMapping     : Mapped "{[/info],methods=[GET],params=[],headers=[],consumes=[],produces=[],custom=[]}" onto public java.lang.Object org.springframework.boot.actuate.endpoint.mvc.EndpointMvcAdapter.invoke()
2015-03-31 00:06:22.020  INFO 60626 --- [    Test worker] o.s.b.a.e.mvc.EndpointHandlerMapping     : Mapped "{[/configprops],methods=[GET],params=[],headers=[],consumes=[],produces=[],custom=[]}" onto public java.lang.Object org.springframework.boot.actuate.endpoint.mvc.EndpointMvcAdapter.invoke()
2015-03-31 00:06:22.020  INFO 60626 --- [    Test worker] o.s.b.a.e.mvc.EndpointHandlerMapping     : Mapped "{[/beans],methods=[GET],params=[],headers=[],consumes=[],produces=[],custom=[]}" onto public java.lang.Object org.springframework.boot.actuate.endpoint.mvc.EndpointMvcAdapter.invoke()
2015-03-31 00:06:22.020  INFO 60626 --- [    Test worker] o.s.b.a.e.mvc.EndpointHandlerMapping     : Mapped "{[/trace],methods=[GET],params=[],headers=[],consumes=[],produces=[],custom=[]}" onto public java.lang.Object org.springframework.boot.actuate.endpoint.mvc.EndpointMvcAdapter.invoke()
2015-03-31 00:06:22.021  INFO 60626 --- [    Test worker] o.s.b.a.e.mvc.EndpointHandlerMapping     : Mapped "{[/autoconfig],methods=[GET],params=[],headers=[],consumes=[],produces=[],custom=[]}" onto public java.lang.Object org.springframework.boot.actuate.endpoint.mvc.EndpointMvcAdapter.invoke()
2015-03-31 00:06:22.021  INFO 60626 --- [    Test worker] o.s.b.a.e.mvc.EndpointHandlerMapping     : Mapped "{[/metrics/{name:.*}],methods=[GET],params=[],headers=[],consumes=[],produces=[],custom=[]}" onto public java.lang.Object org.springframework.boot.actuate.endpoint.mvc.MetricsMvcEndpoint.value(java.lang.String)
2015-03-31 00:06:22.021  INFO 60626 --- [    Test worker] o.s.b.a.e.mvc.EndpointHandlerMapping     : Mapped "{[/metrics],methods=[GET],params=[],headers=[],consumes=[],produces=[],custom=[]}" onto public java.lang.Object org.springframework.boot.actuate.endpoint.mvc.EndpointMvcAdapter.invoke()
2015-03-31 00:06:22.022  INFO 60626 --- [    Test worker] o.s.b.a.e.mvc.EndpointHandlerMapping     : Mapped "{[/health],methods=[],params=[],headers=[],consumes=[],produces=[],custom=[]}" onto public java.lang.Object org.springframework.boot.actuate.endpoint.mvc.HealthMvcEndpoint.invoke()
2015-03-31 00:06:22.022  INFO 60626 --- [    Test worker] o.s.b.a.e.mvc.EndpointHandlerMapping     : Mapped "{[/env/{name:.*}],methods=[GET],params=[],headers=[],consumes=[],produces=[],custom=[]}" onto public java.lang.Object org.springframework.boot.actuate.endpoint.mvc.EnvironmentMvcEndpoint.value(java.lang.String)
2015-03-31 00:06:22.023  INFO 60626 --- [    Test worker] o.s.b.a.e.mvc.EndpointHandlerMapping     : Mapped "{[/env],methods=[GET],params=[],headers=[],consumes=[],produces=[],custom=[]}" onto public java.lang.Object org.springframework.boot.actuate.endpoint.mvc.EndpointMvcAdapter.invoke()
2015-03-31 00:06:22.024  INFO 60626 --- [    Test worker] o.s.b.a.e.mvc.EndpointHandlerMapping     : Mapped "{[/dump],methods=[GET],params=[],headers=[],consumes=[],produces=[],custom=[]}" onto public java.lang.Object org.springframework.boot.actuate.endpoint.mvc.EndpointMvcAdapter.invoke()
2015-03-31 00:06:22.091  INFO 60626 --- [    Test worker] o.s.boot.SpringApplication               : Started application in 3.783 seconds (JVM running for 4.429)
]]></system-out>
  <system-err><![CDATA[]]></system-err>
</testsuite>
